[0m2021.03.23 16:38:38 INFO  Started: Metals version 0.10.0 in workspace '/Users/tripletail/workspace/elasticsearch' for client vscode 1.55.0-insider.[0m
[0m2021.03.23 16:38:39 INFO  time: initialize in 0.22s[0m
[0m2021.03.23 16:38:39 WARN  Build server is not auto-connectable.[0m
[0m2021.03.23 16:38:39 WARN  no build target for: /Users/tripletail/workspace/elasticsearch/build.sbt[0m
[0m2021.03.23 16:38:40 INFO  no build target: using presentation compiler with only scala-library: 2.12.13[0m
name := "elasticsearch"
organization := "objektwerks"
version := "0.1-SNAPSHOT"
scalaVersion := "2.13.5"
libraryDependencies ++= {
  val elastic4sVersion = "7.11.0"
  Seq(
    "com.sksamuel.elastic4s" %% "elastic4s-core" % elastic4sVersion,
    "ch.qos.logback" % "logback-classic" % "1.2.3",
    "com.sksamuel.elastic4s" %% "elastic4s-testkit" % elastic4sVersion % Test,
    "org.scalatest" %% "scalatest" % "3.2.6" % Test
  )
}
name := "elasticsearch"
organization := "objektwerks"
version := "0.1-SNAPSHOT"
scalaVersion := "2.13.5"
libraryDependencies ++= {
  val elastic4sVersion = "7.11.0"
  Seq(
    "com.sksamuel.elastic4s" %% "elastic4s-core" % elastic4sVersion,
    "ch.qos.logback" % "logback-classic" % "1.2.3",
    "com.sksamuel.elastic4s" %% "elastic4s-testkit" % elastic4sVersion % Test,
    "org.scalatest" %% "scalatest" % "3.2.6" % Test
  )
}
name := "elasticsearch"
organization := "objektwerks"
version := "0.1-SNAPSHOT"
scalaVersion := "2.13.5"
libraryDependencies ++= {
  val elastic4sVersion = "7.11.0"
  Seq(
    "com.sksamuel.elastic4s" %% "elastic4s-core" % elastic4sVersion,
    "ch.qos.logback" % "logback-classic" % "1.2.3",
    "com.sksamuel.elastic4s" %% "elastic4s-testkit" % elastic4sVersion % Test,
    "org.scalatest" %% "scalatest" % "3.2.6" % Test
  )
}
[0m2021.03.23 16:38:41 INFO  time: code lens generation in 1.51s[0m
[0m2021.03.23 16:38:43 INFO  running '/Library/Java/JavaVirtualMachines/zulu-8.jdk/Contents/Home/bin/java -Djline.terminal=jline.UnsupportedTerminal -Dsbt.log.noformat=true -Dfile.encoding=UTF-8 -jar /var/folders/ft/6_7fn0ls0499mm6rb0q4q1hw0000gn/T/metals1125153134692606959/sbt-launch.jar -Dbloop.export-jar-classifiers=sources bloopInstall'[0m
[0m2021.03.23 16:38:43 WARN  no build target for: /Users/tripletail/workspace/elasticsearch/project/metals.sbt[0m
[0m2021.03.23 16:38:43 WARN  no build target for: /Users/tripletail/workspace/elasticsearch/project/project/metals.sbt[0m
// DO NOT EDIT! This file is auto-generated.
// This file enables sbt-bloop to create bloop config files.

addSbtPlugin("ch.epfl.scala" % "sbt-bloop" % "1.4.8")

[0m2021.03.23 16:38:43 INFO  skipping build import with status 'Started'[0m
// DO NOT EDIT! This file is auto-generated.
// This file enables sbt-bloop to create bloop config files.

addSbtPlugin("ch.epfl.scala" % "sbt-bloop" % "1.4.8")

[0m2021.03.23 16:38:44 INFO  [info] welcome to sbt 1.4.9 (Azul Systems, Inc. Java 1.8.0_282)[0m
[0m2021.03.23 16:38:46 INFO  [info] loading settings for project elasticsearch-build-build-build from metals.sbt ...[0m
[0m2021.03.23 16:38:46 INFO  [info] loading project definition from /Users/tripletail/workspace/elasticsearch/project/project/project[0m
[0m2021.03.23 16:38:48 INFO  [info] loading settings for project elasticsearch-build-build from metals.sbt ...[0m
[0m2021.03.23 16:38:48 INFO  [info] loading project definition from /Users/tripletail/workspace/elasticsearch/project/project[0m
[0m2021.03.23 16:38:49 INFO  [success] Generated .bloop/elasticsearch-build-build.json[0m
[0m2021.03.23 16:38:49 INFO  [success] Total time: 1 s, completed Mar 23, 2021 4:38:49 PM[0m
[0m2021.03.23 16:38:49 INFO  [info] loading settings for project elasticsearch-build from metals.sbt,plugins.sbt ...[0m
[0m2021.03.23 16:38:49 INFO  [info] loading project definition from /Users/tripletail/workspace/elasticsearch/project[0m
[0m2021.03.23 16:38:50 INFO  [success] Generated .bloop/elasticsearch-build.json[0m
[0m2021.03.23 16:38:50 INFO  [success] Total time: 1 s, completed Mar 23, 2021 4:38:50 PM[0m
[0m2021.03.23 16:38:50 INFO  [info] loading settings for project elasticsearch from build.sbt ...[0m
[0m2021.03.23 16:38:50 INFO  [info] set current project to elasticsearch (in build file:/Users/tripletail/workspace/elasticsearch/)[0m
[0m2021.03.23 16:38:51 INFO  [success] Generated .bloop/elasticsearch.json[0m
[0m2021.03.23 16:38:51 INFO  [success] Generated .bloop/elasticsearch-test.json[0m
[0m2021.03.23 16:38:51 INFO  [success] Total time: 0 s, completed Mar 23, 2021 4:38:51 PM[0m
[0m2021.03.23 16:38:51 INFO  sbt bloopInstall exit: 0[0m
[0m2021.03.23 16:38:51 INFO  time: ran 'sbt bloopInstall' in 8.07s[0m
[0m2021.03.23 16:38:51 INFO  Attempting to connect to the build server...[0m
Starting the bsp launcher for bloop...
Opening a bsp server connection with 'bsp --protocol local --socket /var/folders/ft/6_7fn0ls0499mm6rb0q4q1hw0000gn/T/bsp-launcher1010030209132851071/bsp.socket'...
Waiting for the bsp connection to come up...
error: The command bsp --protocol local --socket /var/folders/ft/6_7fn0ls0499mm6rb0q4q1hw0000gn/T/bsp-launcher1010030209132851071/bsp.socket returned with an error
> [0m[32m[D][0m Loading 2 projects from '/Users/tripletail/workspace/elasticsearch/.bloop'...
> [0m[32m[D][0m Loading project from '/Users/tripletail/workspace/elasticsearch/.bloop/elasticsearch-test.json'
> [0m[32m[D][0m Loading project from '/Users/tripletail/workspace/elasticsearch/.bloop/elasticsearch.json'
> [0m[32m[D][0m Missing analysis file for project 'elasticsearch'
> [0m[32m[D][0m Missing analysis file for project 'elasticsearch-test'
> [0m[32m[D][0m Elapsed: 4.906375 ms
> [0m[31m[E][0m Boxed Error
> [0m[36m[T][0m java.util.concurrent.ExecutionException: Boxed Error
> [0m[36m[T][0m 	scala.concurrent.impl.Promise$.resolver(Promise.scala:87)
> [0m[36m[T][0m 	scala.concurrent.impl.Promise$.scala$concurrent$impl$Promise$$resolveTry(Promise.scala:79)
> [0m[36m[T][0m 	scala.concurrent.impl.Promise$DefaultPromise.tryComplete(Promise.scala:284)
> [0m[36m[T][0m 	scala.concurrent.Promise.tryFailure(Promise.scala:112)
> [0m[36m[T][0m 	scala.concurrent.Promise.tryFailure$(Promise.scala:112)
> [0m[36m[T][0m 	scala.concurrent.impl.Promise$DefaultPromise.tryFailure(Promise.scala:187)
> [0m[36m[T][0m 	monix.eval.internal.TaskRunLoop$$anon$1.onError(TaskRunLoop.scala:281)
> [0m[36m[T][0m 	monix.eval.internal.TaskRunLoop$.monix$eval$internal$TaskRunLoop$$loop$1(TaskRunLoop.scala:242)
> [0m[36m[T][0m 	monix.eval.internal.TaskRunLoop$RestartCallback$1.onError(TaskRunLoop.scala:125)
> [0m[36m[T][0m 	monix.eval.Callback$Extensions$.monix$eval$Callback$Extensions$$$anonfun$asyncOnError$1(Callback.scala:104)
> [0m[36m[T][0m 	monix.eval.Callback$Extensions$$anonfun$asyncOnError$extension$1.run(Callback.scala:104)
> [0m[36m[T][0m 	monix.execution.schedulers.TrampolineExecutionContext.monix$execution$schedulers$TrampolineExecutionContext$$localRunLoop(TrampolineExecutionContext.scala:109)
> [0m[36m[T][0m 	monix.execution.schedulers.TrampolineExecutionContext.startLoopOptimal(TrampolineExecutionContext.scala:93)
> [0m[36m[T][0m 	monix.execution.schedulers.TrampolineExecutionContext.execute(TrampolineExecutionContext.scala:78)
> [0m[36m[T][0m 	monix.execution.schedulers.BatchingScheduler.execute(BatchingScheduler.scala:50)
> [0m[36m[T][0m 	monix.execution.schedulers.BatchingScheduler.execute$(BatchingScheduler.scala:47)
> [0m[36m[T][0m 	monix.execution.schedulers.AsyncScheduler.execute(AsyncScheduler.scala:29)
> [0m[36m[T][0m 	monix.execution.schedulers.ExecuteExtensions.executeTrampolined(ExecuteExtensions.scala:86)
> [0m[36m[T][0m 	monix.execution.schedulers.ExecuteExtensions.executeTrampolined$(ExecuteExtensions.scala:85)
> [0m[36m[T][0m 	monix.execution.Scheduler$Extensions.executeTrampolined(Scheduler.scala:187)
> [0m[36m[T][0m 	monix.eval.Callback$Extensions$.asyncOnError$extension(Callback.scala:104)
> [0m[36m[T][0m 	monix.eval.internal.TaskDoOnCancel$$anon$1.onError(TaskDoOnCancel.scala:43)
> [0m[36m[T][0m 	monix.eval.internal.TaskRunLoop$.monix$eval$internal$TaskRunLoop$$loop$1(TaskRunLoop.scala:242)
> [0m[36m[T][0m 	monix.eval.internal.TaskRunLoop$RestartCallback$1.onSuccess(TaskRunLoop.scala:119)
> [0m[36m[T][0m 	monix.eval.Callback$$anon$2.monix$eval$Callback$$nestedInanon$$$anonfun$onSuccess$1(Callback.scala:91)
> [0m[36m[T][0m 	monix.eval.Callback$$anon$2$$anonfun$onSuccess$2.run(Callback.scala:91)
> [0m[36m[T][0m 	monix.execution.schedulers.TrampolineExecutionContext.monix$execution$schedulers$TrampolineExecutionContext$$localRunLoop(TrampolineExecutionContext.scala:109)
> [0m[36m[T][0m 	monix.execution.schedulers.TrampolineExecutionContext.startLoopOptimal(TrampolineExecutionContext.scala:93)
> [0m[36m[T][0m 	monix.execution.schedulers.TrampolineExecutionContext.execute(TrampolineExecutionContext.scala:78)
> [0m[36m[T][0m 	monix.execution.schedulers.BatchingScheduler.execute(BatchingScheduler.scala:50)
> [0m[36m[T][0m 	monix.execution.schedulers.BatchingScheduler.execute$(BatchingScheduler.scala:47)
> [0m[36m[T][0m 	monix.execution.schedulers.ExecutorScheduler.execute(ExecutorScheduler.scala:36)
> [0m[36m[T][0m 	monix.execution.schedulers.ExecuteExtensions.executeTrampolined(ExecuteExtensions.scala:86)
> [0m[36m[T][0m 	monix.execution.schedulers.ExecuteExtensions.executeTrampolined$(ExecuteExtensions.scala:85)
> [0m[36m[T][0m 	monix.execution.Scheduler$Extensions.executeTrampolined(Scheduler.scala:187)
> [0m[36m[T][0m 	monix.eval.Callback$Extensions$.asyncOnSuccess$extension(Callback.scala:100)
> [0m[36m[T][0m 	monix.eval.internal.TaskGatherUnordered$.monix$eval$internal$TaskGatherUnordered$$maybeSignalFinal$1(TaskGatherUnordered.scala:49)
> [0m[36m[T][0m 	monix.eval.internal.TaskGatherUnordered$$anon$1.onSuccess(TaskGatherUnordered.scala:129)
> [0m[36m[T][0m 	monix.eval.internal.TaskRunLoop$.monix$eval$internal$TaskRunLoop$$loop$1(TaskRunLoop.scala:191)
> [0m[36m[T][0m 	monix.eval.internal.TaskRunLoop$RestartCallback$1.onSuccess(TaskRunLoop.scala:119)
> [0m[36m[T][0m 	monix.eval.Task$.$anonfun$forkedUnit$2(Task.scala:1463)
> [0m[36m[T][0m 	java.util.concurrent.ThreadPoolExecutor.runWorker(ThreadPoolExecutor.java:1149)
> [0m[36m[T][0m 	java.util.concurrent.ThreadPoolExecutor$Worker.run(ThreadPoolExecutor.java:624)
> [0m[36m[T][0m 	java.lang.Thread.run(Thread.java:748)
> [0m[36m[T][0m Caused by: java.lang.NoClassDefFoundError: Could not initialize class bloop.sockets.UnixDomainSocketLibrary
> [0m[36m[T][0m 	bloop.sockets.UnixDomainServerSocket.<init>(UnixDomainServerSocket.java:103)
> [0m[36m[T][0m 	bloop.sockets.UnixDomainServerSocket.<init>(UnixDomainServerSocket.java:93)
> [0m[36m[T][0m 	bloop.io.ServerHandle$UnixLocal.<init>(ServerHandle.scala:20)
> [0m[36m[T][0m 	bloop.bsp.BspServer$.run(BspServer.scala:250)
> [0m[36m[T][0m 	bloop.engine.Interpreter$.runBsp(Interpreter.scala:106)
> [0m[36m[T][0m 	bloop.engine.Interpreter$.$anonfun$execute$1(Interpreter.scala:50)
> [0m[36m[T][0m 	monix.eval.internal.TaskRunLoop$.monix$eval$internal$TaskRunLoop$$loop$1(TaskRunLoop.scala:176)
> [0m[36m[T][0m 	monix.eval.internal.TaskRunLoop$RestartCallback$1.onSuccess(TaskRunLoop.scala:119)
> [0m[36m[T][0m 	monix.eval.Callback$$anon$2.monix$eval$Callback$$nestedInanon$$$anonfun$onSuccess$1(Callback.scala:91)
> [0m[36m[T][0m 	monix.eval.Callback$$anon$2$$anonfun$onSuccess$2.run(Callback.scala:91)
> [0m[36m[T][0m 	monix.execution.schedulers.TrampolineExecutionContext.monix$execution$schedulers$TrampolineExecutionContext$$localRunLoop(TrampolineExecutionContext.scala:109)
> [0m[36m[T][0m 	monix.execution.schedulers.TrampolineExecutionContext.startLoopOptimal(TrampolineExecutionContext.scala:93)
> [0m[36m[T][0m 	monix.execution.schedulers.TrampolineExecutionContext.execute(TrampolineExecutionContext.scala:78)
> [0m[36m[T][0m 	monix.execution.schedulers.BatchingScheduler.execute(BatchingScheduler.scala:50)
> [0m[36m[T][0m 	monix.execution.schedulers.BatchingScheduler.execute$(BatchingScheduler.scala:47)
> [0m[36m[T][0m 	monix.execution.schedulers.ExecutorScheduler.execute(ExecutorScheduler.scala:36)
> [0m[36m[T][0m 	monix.execution.schedulers.ExecuteExtensions.executeTrampolined(ExecuteExtensions.scala:86)
> [0m[36m[T][0m 	monix.execution.schedulers.ExecuteExtensions.executeTrampolined$(ExecuteExtensions.scala:85)
> [0m[36m[T][0m 	monix.execution.Scheduler$Extensions.executeTrampolined(Scheduler.scala:187)
> [0m[36m[T][0m 	monix.eval.Callback$Extensions$.asyncOnSuccess$extension(Callback.scala:100)
> [0m[36m[T][0m 	monix.eval.internal.TaskGatherUnordered$.monix$eval$internal$TaskGatherUnordered$$maybeSignalFinal$1(TaskGatherUnordered.scala:49)
> [0m[36m[T][0m 	monix.eval.internal.TaskGatherUnordered$$anon$1.onSuccess(TaskGatherUnordered.scala:129)
> [0m[36m[T][0m 	monix.eval.internal.TaskRunLoop$.monix$eval$internal$TaskRunLoop$$loop$1(TaskRunLoop.scala:191)
> [0m[36m[T][0m 	monix.eval.internal.TaskRunLoop$RestartCallback$1.onSuccess(TaskRunLoop.scala:119)
> [0m[36m[T][0m 	monix.eval.Task$.$anonfun$forkedUnit$2(Task.scala:1463)
> [0m[36m[T][0m 	java.util.concurrent.ThreadPoolExecutor.runWorker(ThreadPoolExecutor.java:1149)
> [0m[36m[T][0m 	java.util.concurrent.ThreadPoolExecutor$Worker.run(ThreadPoolExecutor.java:624)
> [0m[36m[T][0m 	java.lang.Thread.run(Thread.java:748)
error: Trying a tcp-based connection to the server instead...
Opening a bsp server connection with 'bsp --protocol tcp --port 17158'...
Waiting for the bsp connection to come up...
[0m[32m[D][0m Waiting for a connection at 127.0.0.1:17158...
The server is listening for incoming connections at tcp://127.0.0.1:17158...
Starting thread that pumps stdin and redirects it to the bsp server...
Starting thread that pumps server stdout and redirects it to the client stdout...
[0m2021.03.23 16:38:51 INFO  tracing is disabled for protocol BSP, to enable tracing of incoming and outgoing JSON messages create an empty file at /Users/tripletail/Library/Caches/org.scalameta.metals/bsp.trace.json[0m
[0m2021.03.23 16:38:51 INFO  Attempting to connect to the build server...[0m
Starting the bsp launcher for bloop...
[0m2021.03.23 16:38:51 INFO  Attempting to connect to the build server...Opening a bsp server connection with 'bsp --protocol local --socket /var/folders/ft/6_7fn0ls0499mm6rb0q4q1hw0000gn/T/bsp-launcher1147666280117057451/bsp.socket'...[0m

Waiting for the bsp connection to come up...
Starting the bsp launcher for bloop...
Opening a bsp server connection with 'bsp --protocol local --socket /var/folders/ft/6_7fn0ls0499mm6rb0q4q1hw0000gn/T/bsp-launcher7676901748182505768/bsp.socket'...
Waiting for the bsp connection to come up...
error: The command bsp --protocol local --socket /var/folders/ft/6_7fn0ls0499mm6rb0q4q1hw0000gn/T/bsp-launcher1147666280117057451/bsp.socket returned with an error
error: The command bsp --protocol local --socket /var/folders/ft/6_7fn0ls0499mm6rb0q4q1hw0000gn/T/bsp-launcher7676901748182505768/bsp.socket returned with an error
> [0m[32m[D][0m Loading workspace settings from bloop.settings.json
> [0m[32m[D][0m Elapsed: 0.200583 ms
> [0m[31m[E][0m Boxed Error
> [0m[36m[T][0m java.util.concurrent.ExecutionException: Boxed Error
> [0m[36m[T][0m 	scala.concurrent.impl.Promise$.resolver(Promise.scala:87)
> [0m[36m[T][0m 	scala.concurrent.impl.Promise$.scala$concurrent$impl$Promise$$resolveTry(Promise.scala:79)
> [0m[36m[T][0m 	scala.concurrent.impl.Promise$DefaultPromise.tryComplete(Promise.scala:284)
> [0m[36m[T][0m 	scala.concurrent.Promise.tryFailure(Promise.scala:112)
> [0m[36m[T][0m 	scala.concurrent.Promise.tryFailure$(Promise.scala:112)
> [0m[36m[T][0m 	scala.concurrent.impl.Promise$DefaultPromise.tryFailure(Promise.scala:187)
> [0m[36m[T][0m 	monix.eval.internal.TaskRunLoop$$anon$1.onError(TaskRunLoop.scala:281)
> [0m[36m[T][0m 	monix.eval.internal.TaskRunLoop$.monix$eval$internal$TaskRunLoop$$loop$1(TaskRunLoop.scala:242)
> [0m[36m[T][0m 	monix.eval.internal.TaskRunLoop$RestartCallback$1.onError(TaskRunLoop.scala:125)
> [0m[36m[T][0m 	monix.eval.Callback$Extensions$.monix$eval$Callback$Extensions$$$anonfun$asyncOnError$1(Callback.scala:104)
> [0m[36m[T][0m 	monix.eval.Callback$Extensions$$anonfun$asyncOnError$extension$1.run(Callback.scala:104)
> [0m[36m[T][0m 	monix.execution.schedulers.TrampolineExecutionContext.monix$execution$schedulers$TrampolineExecutionContext$$localRunLoop(TrampolineExecutionContext.scala:109)
> [0m[36m[T][0m 	monix.execution.schedulers.TrampolineExecutionContext.startLoopOptimal(TrampolineExecutionContext.scala:93)
> [0m[36m[T][0m 	monix.execution.schedulers.TrampolineExecutionContext.execute(TrampolineExecutionContext.scala:78)
> [0m[36m[T][0m 	monix.execution.schedulers.BatchingScheduler.execute(BatchingScheduler.scala:50)
> [0m[36m[T][0m 	monix.execution.schedulers.BatchingScheduler.execute$(BatchingScheduler.scala:47)
> [0m[36m[T][0m 	monix.execution.schedulers.AsyncScheduler.execute(AsyncScheduler.scala:29)
> [0m[36m[T][0m 	monix.execution.schedulers.ExecuteExtensions.executeTrampolined(ExecuteExtensions.scala:86)
> [0m[36m[T][0m 	monix.execution.schedulers.ExecuteExtensions.executeTrampolined$(ExecuteExtensions.scala:85)
> [0m[36m[T][0m 	monix.execution.Scheduler$Extensions.executeTrampolined(Scheduler.scala:187)
> [0m[36m[T][0m 	monix.eval.Callback$Extensions$.asyncOnSuccess$extension(Callback.scala:100)
> [0m[36m[T][0m 	monix.eval.internal.TaskGatherUnordered$.monix$eval$internal$TaskGatherUnordered$$maybeSignalFinal$1(TaskGatherUnordered.scala:49)
> [0m[36m[T][0m 	monix.eval.internal.TaskGatherUnordered$$anon$1.onSuccess(TaskGatherUnordered.scala:129)
> [0m[36m[T][0m 	monix.eval.internal.TaskRunLoop$.monix$eval$internal$TaskRunLoop$$loop$1(TaskRunLoop.scala:191)
> [0m[36m[T][0m 	monix.eval.internal.TaskRunLoop$RestartCallback$1.onSuccess(TaskRunLoop.scala:119)
> [0m[36m[T][0m 	monix.eval.Task$.$anonfun$forkedUnit$2(Task.scala:1463)
> [0m[36m[T][0m 	java.util.concurrent.ForkJoinTask$RunnableExecuteAction.exec(ForkJoinTask.java:1402)
> [0m[36m[T][0m 	java.util.concurrent.ForkJoinTask.doExec(ForkJoinTask.java:289)
> [0m[36m[T][0m 	java.util.concurrent.ForkJoinPool$WorkQueue.runTask(ForkJoinPool.java:1056)
> [0m[36m[T][0m 	java.util.concurrent.ForkJoinPool.runWorker(ForkJoinPool.java:1692)
> [0m[36m[T][0m 	java.util.concurrent.ForkJoinWorkerThread.run(ForkJoinWorkerThread.java:175)
> [0m[36m[T][0m Caused by: java.lang.NoClassDefFoundError: Could not initialize class bloop.sockets.UnixDomainSocketLibrary
> [0m[36m[T][0m 	bloop.sockets.UnixDomainServerSocket.<init>(UnixDomainServerSocket.java:103)
> [0m[36m[T][0m 	bloop.sockets.UnixDomainServerSocket.<init>(UnixDomainServerSocket.java:93)
> [0m[36m[T][0m 	bloop.io.ServerHandle$UnixLocal.<init>(ServerHandle.scala:20)
> [0m[36m[T][0m 	bloop.bsp.BspServer$.run(BspServer.scala:250)
> [0m[36m[T][0m 	bloop.engine.Interpreter$.runBsp(Interpreter.scala:106)
> [0m[36m[T][0m 	bloop.engine.Interpreter$.$anonfun$execute$1(Interpreter.scala:50)
> [0m[36m[T][0m 	monix.eval.internal.TaskRunLoop$.monix$eval$internal$TaskRunLoop$$loop$1(TaskRunLoop.scala:176)
> [0m[36m[T][0m 	monix.eval.internal.TaskRunLoop$RestartCallback$1.onSuccess(TaskRunLoop.scala:119)
> [0m[36m[T][0m 	monix.eval.Callback$Extensions$.monix$eval$Callback$Extensions$$$anonfun$asyncOnSuccess$1(Callback.scala:100)
> [0m[36m[T][0m 	monix.eval.Callback$Extensions$$anonfun$asyncOnSuccess$extension$1.run(Callback.scala:100)
> [0m[36m[T][0m 	monix.execution.schedulers.TrampolineExecutionContext.monix$execution$schedulers$TrampolineExecutionContext$$localRunLoop(TrampolineExecutionContext.scala:109)
> [0m[36m[T][0m 	monix.execution.schedulers.TrampolineExecutionContext.startLoopOptimal(TrampolineExecutionContext.scala:93)
> [0m[36m[T][0m 	monix.execution.schedulers.TrampolineExecutionContext.execute(TrampolineExecutionContext.scala:78)
> [0m[36m[T][0m 	monix.execution.schedulers.BatchingScheduler.execute(BatchingScheduler.scala:50)
> [0m[36m[T][0m 	monix.execution.schedulers.BatchingScheduler.execute$(BatchingScheduler.scala:47)
> [0m[36m[T][0m 	monix.execution.schedulers.AsyncScheduler.execute(AsyncScheduler.scala:29)
> [0m[36m[T][0m 	monix.execution.schedulers.ExecuteExtensions.executeTrampolined(ExecuteExtensions.scala:86)
> [0m[36m[T][0m 	monix.execution.schedulers.ExecuteExtensions.executeTrampolined$(ExecuteExtensions.scala:85)
> [0m[36m[T][0m 	monix.execution.Scheduler$Extensions.executeTrampolined(Scheduler.scala:187)
> [0m[36m[T][0m 	monix.eval.Callback$Extensions$.asyncOnSuccess$extension(Callback.scala:100)
> [0m[36m[T][0m 	monix.eval.internal.TaskGatherUnordered$.monix$eval$internal$TaskGatherUnordered$$maybeSignalFinal$1(TaskGatherUnordered.scala:49)
> [0m[36m[T][0m 	monix.eval.internal.TaskGatherUnordered$$anon$1.onSuccess(TaskGatherUnordered.scala:129)
> [0m[36m[T][0m 	monix.eval.internal.TaskRunLoop$.monix$eval$internal$TaskRunLoop$$loop$1(TaskRunLoop.scala:191)
> [0m[36m[T][0m 	monix.eval.internal.TaskRunLoop$RestartCallback$1.onSuccess(TaskRunLoop.scala:119)
> [0m[36m[T][0m 	monix.eval.Task$.$anonfun$forkedUnit$2(Task.scala:1463)
> [0m[36m[T][0m 	java.util.concurrent.ForkJoinTask$RunnableExecuteAction.exec(ForkJoinTask.java:1402)
> [0m[36m[T][0m 	java.util.concurrent.ForkJoinTask.doExec(ForkJoinTask.java:289)
> [0m[36m[T][0m 	java.util.concurrent.ForkJoinPool$WorkQueue.runTask(ForkJoinPool.java:1056)
> [0m[36m[T][0m 	java.util.concurrent.ForkJoinPool.runWorker(ForkJoinPool.java:1692)
> [0m[36m[T][0m 	java.util.concurrent.ForkJoinWorkerThread.run(ForkJoinWorkerThread.java:175)
error: Trying a tcp-based connection to the server instead...
Opening a bsp server connection with 'bsp --protocol tcp --port 29209'...
> [0m[32m[D][0m Loading workspace settings from bloop.settings.json
> [0m[32m[D][0m Elapsed: 0.19975 ms
> [0m[31m[E][0m Boxed Error
> [0m[36m[T][0m java.util.concurrent.ExecutionException: Boxed Error
> [0m[36m[T][0m 	scala.concurrent.impl.Promise$.resolver(Promise.scala:87)
> [0m[36m[T][0m 	scala.concurrent.impl.Promise$.scala$concurrent$impl$Promise$$resolveTry(Promise.scala:79)
> [0m[36m[T][0m 	scala.concurrent.impl.Promise$DefaultPromise.tryComplete(Promise.scala:284)
> [0m[36m[T][0m 	scala.concurrent.Promise.tryFailure(Promise.scala:112)
> [0m[36m[T][0m 	scala.concurrent.Promise.tryFailure$(Promise.scala:112)
> [0m[36m[T][0m 	scala.concurrent.impl.Promise$DefaultPromise.tryFailure(Promise.scala:187)
> [0m[36m[T][0m 	monix.eval.internal.TaskRunLoop$$anon$1.onError(TaskRunLoop.scala:281)
> [0m[36m[T][0m 	monix.eval.internal.TaskRunLoop$.monix$eval$internal$TaskRunLoop$$loop$1(TaskRunLoop.scala:242)
> [0m[36m[T][0m 	monix.eval.internal.TaskRunLoop$RestartCallback$1.onError(TaskRunLoop.scala:125)
> [0m[36m[T][0m 	monix.eval.Callback$Extensions$.monix$eval$Callback$Extensions$$$anonfun$asyncOnError$1(Callback.scala:104)
> [0m[36m[T][0m 	monix.eval.Callback$Extensions$$anonfun$asyncOnError$extension$1.run(Callback.scala:104)
> [0m[36m[T][0m 	monix.execution.schedulers.TrampolineExecutionContext.monix$execution$schedulers$TrampolineExecutionContext$$localRunLoop(TrampolineExecutionContext.scala:109)
> [0m[36m[T][0m 	monix.execution.schedulers.TrampolineExecutionContext.startLoopOptimal(TrampolineExecutionContext.scala:93)
> [0m[36m[T][0m 	monix.execution.schedulers.TrampolineExecutionContext.execute(TrampolineExecutionContext.scala:78)
> [0m[36m[T][0m 	monix.execution.schedulers.BatchingScheduler.execute(BatchingScheduler.scala:50)
> [0m[36m[T][0m 	monix.execution.schedulers.BatchingScheduler.execute$(BatchingScheduler.scala:47)
> [0m[36m[T][0m 	monix.execution.schedulers.AsyncScheduler.execute(AsyncScheduler.scala:29)
> [0m[36m[T][0m 	monix.execution.schedulers.ExecuteExtensions.executeTrampolined(ExecuteExtensions.scala:86)
> [0m[36m[T][0m 	monix.execution.schedulers.ExecuteExtensions.executeTrampolined$(ExecuteExtensions.scala:85)
> [0m[36m[T][0m 	monix.execution.Scheduler$Extensions.executeTrampolined(Scheduler.scala:187)
> [0m[36m[T][0m 	monix.eval.Callback$Extensions$.asyncOnSuccess$extension(Callback.scala:100)
> [0m[36m[T][0m 	monix.eval.internal.TaskGatherUnordered$.monix$eval$internal$TaskGatherUnordered$$maybeSignalFinal$1(TaskGatherUnordered.scala:49)
> [0m[36m[T][0m 	monix.eval.internal.TaskGatherUnordered$$anon$1.onSuccess(TaskGatherUnordered.scala:129)
> [0m[36m[T][0m 	monix.eval.internal.TaskRunLoop$.monix$eval$internal$TaskRunLoop$$loop$1(TaskRunLoop.scala:191)
> [0m[36m[T][0m 	monix.eval.internal.TaskRunLoop$RestartCallback$1.onSuccess(TaskRunLoop.scala:119)
> [0m[36m[T][0m 	monix.eval.Task$.$anonfun$forkedUnit$2(Task.scala:1463)
> [0m[36m[T][0m 	java.util.concurrent.ForkJoinTask$RunnableExecuteAction.exec(ForkJoinTask.java:1402)
> [0m[36m[T][0m 	java.util.concurrent.ForkJoinTask.doExec(ForkJoinTask.java:289)
> [0m[36m[T][0m 	java.util.concurrent.ForkJoinPool$WorkQueue.runTask(ForkJoinPool.java:1056)
> [0m[36m[T][0m 	java.util.concurrent.ForkJoinPool.runWorker(ForkJoinPool.java:1692)
> [0m[36m[T][0m 	java.util.concurrent.ForkJoinWorkerThread.run(ForkJoinWorkerThread.java:175)
> [0m[36m[T][0m Caused by: java.lang.NoClassDefFoundError: Could not initialize class bloop.sockets.UnixDomainSocketLibrary
> [0m[36m[T][0m 	bloop.sockets.UnixDomainServerSocket.<init>(UnixDomainServerSocket.java:103)
> [0m[36m[T][0m 	bloop.sockets.UnixDomainServerSocket.<init>(UnixDomainServerSocket.java:93)
> [0m[36m[T][0m 	bloop.io.ServerHandle$UnixLocal.<init>(ServerHandle.scala:20)
> [0m[36m[T][0m 	bloop.bsp.BspServer$.run(BspServer.scala:250)
> [0m[36m[T][0m 	bloop.engine.Interpreter$.runBsp(Interpreter.scala:106)
> [0m[36m[T][0m 	bloop.engine.Interpreter$.$anonfun$execute$1(Interpreter.scala:50)
> [0m[36m[T][0m 	monix.eval.internal.TaskRunLoop$.monix$eval$internal$TaskRunLoop$$loop$1(TaskRunLoop.scala:176)
> [0m[36m[T][0m 	monix.eval.internal.TaskRunLoop$RestartCallback$1.onSuccess(TaskRunLoop.scala:119)
> [0m[36m[T][0m 	monix.eval.Callback$Extensions$.monix$eval$Callback$Extensions$$$anonfun$asyncOnSuccess$1(Callback.scala:100)
> [0m[36m[T][0m 	monix.eval.Callback$Extensions$$anonfun$asyncOnSuccess$extension$1.run(Callback.scala:100)
> [0m[36m[T][0m 	monix.execution.schedulers.TrampolineExecutionContext.monix$execution$schedulers$TrampolineExecutionContext$$localRunLoop(TrampolineExecutionContext.scala:109)
> [0m[36m[T][0m 	monix.execution.schedulers.TrampolineExecutionContext.startLoopOptimal(TrampolineExecutionContext.scala:93)
> [0m[36m[T][0m 	monix.execution.schedulers.TrampolineExecutionContext.execute(TrampolineExecutionContext.scala:78)
> [0m[36m[T][0m 	monix.execution.schedulers.BatchingScheduler.execute(BatchingScheduler.scala:50)
> [0m[36m[T][0m 	monix.execution.schedulers.BatchingScheduler.execute$(BatchingScheduler.scala:47)
> [0m[36m[T][0m 	monix.execution.schedulers.AsyncScheduler.execute(AsyncScheduler.scala:29)
> [0m[36m[T][0m 	monix.execution.schedulers.ExecuteExtensions.executeTrampolined(ExecuteExtensions.scala:86)
> [0m[36m[T][0m 	monix.execution.schedulers.ExecuteExtensions.executeTrampolined$(ExecuteExtensions.scala:85)
> [0m[36m[T][0m 	monix.execution.Scheduler$Extensions.executeTrampolined(Scheduler.scala:187)
> [0m[36m[T][0m 	monix.eval.Callback$Extensions$.asyncOnSuccess$extension(Callback.scala:100)
> [0m[36m[T][0m 	monix.eval.internal.TaskGatherUnordered$.monix$eval$internal$TaskGatherUnordered$$maybeSignalFinal$1(TaskGatherUnordered.scala:49)
> [0m[36m[T][0m 	monix.eval.internal.TaskGatherUnordered$$anon$1.onSuccess(TaskGatherUnordered.scala:129)
> [0m[36m[T][0m 	monix.eval.internal.TaskRunLoop$.monix$eval$internal$TaskRunLoop$$loop$1(TaskRunLoop.scala:191)
> [0m[36m[T][0m 	monix.eval.internal.TaskRunLoop$RestartCallback$1.onSuccess(TaskRunLoop.scala:119)
> [0m[36m[T][0m 	monix.eval.Task$.$anonfun$forkedUnit$2(Task.scala:1463)
> [0m[36m[T][0m 	java.util.concurrent.ForkJoinTask$RunnableExecuteAction.exec(ForkJoinTask.java:1402)
> [0m[36m[T][0m 	java.util.concurrent.ForkJoinTask.doExec(ForkJoinTask.java:289)
> [0m[36m[T][0m 	java.util.concurrent.ForkJoinPool$WorkQueue.runTask(ForkJoinPool.java:1056)
> [0m[36m[T][0m 	java.util.concurrent.ForkJoinPool.runWorker(ForkJoinPool.java:1692)
> [0m[36m[T][0m 	java.util.concurrent.ForkJoinWorkerThread.run(ForkJoinWorkerThread.java:175)
error: Trying a tcp-based connection to the server instead...
Waiting for the bsp connection to come up...
Opening a bsp server connection with 'bsp --protocol tcp --port 38772'...
Waiting for the bsp connection to come up...
[0m[32m[D][0m Loading workspace settings from bloop.settings.json
[0m[32m[D][0m Waiting for a connection at 127.0.0.1:29209...
The server is listening for incoming connections at tcp://127.0.0.1:29209...
[0m[32m[D][0m Loading workspace settings from bloop.settings.json
[0m[32m[D][0m Waiting for a connection at 127.0.0.1:38772...
The server is listening for incoming connections at tcp://127.0.0.1:38772...
Starting thread that pumps stdin and redirects it to the bsp server...
Starting thread that pumps stdin and redirects it to the bsp server...
Starting thread that pumps server stdout and redirects it to the client stdout...
Starting thread that pumps server stdout and redirects it to the client stdout...
[0m2021.03.23 16:38:51 INFO  tracing is disabled for protocol BSP, to enable tracing of incoming and outgoing JSON messages create an empty file at /Users/tripletail/Library/Caches/org.scalameta.metals/bsp.trace.json[0m
[0m2021.03.23 16:38:51 INFO  tracing is disabled for protocol BSP, to enable tracing of incoming and outgoing JSON messages create an empty file at /Users/tripletail/Library/Caches/org.scalameta.metals/bsp.trace.json[0m
[0m2021.03.23 16:38:51 INFO  time: Connected to build server in 0.12s[0m
[0m2021.03.23 16:38:51 INFO  Connected to Build server: Bloop v1.4.8[0m
[0m2021.03.23 16:38:53 INFO  time: indexed workspace in 1.99s[0m
